<?xml version="1.0" encoding="UTF-8"?>
<!-- Generated by org.testng.reporters.JUnitXMLReporter -->
<testsuite ignored="1" hostname="Abdul-Rahaman" failures="0" tests="1" name="Default test" time="12.767" errors="0" timestamp="2026-06-16T18:53:21 IST">
  <testcase classname="automationWorkFlows.UserRegistrationTest$UserRegistrationWithExistingEmailTest" name="userRegistrationForm" time="4.001"/>
  <testcase classname="automationWorkFlows.UserRegistrationTest" name="userRegistrationForm" time="0.0">
    <ignored/>
  </testcase> <!-- userRegistrationForm -->
</testsuite> <!-- Default test -->
