<?xml version="1.0" encoding="UTF-8"?>
<!-- Generated by org.testng.reporters.JUnitReportReporter -->
<testsuite hostname="Abdul-Rahaman" failures="0" tests="8" name="automationWorkFlows.AutomationexerciseTest" time="85.022" errors="0" timestamp="2026-06-14T17:43:32 IST" skipped="0">
  <testcase classname="automationWorkFlows.AutomationexerciseTest" name="searchProduct" time="14.318"/>
  <testcase classname="automationWorkFlows.AutomationexerciseTest" name="invalidSearch" time="18.360"/>
  <testcase classname="automationWorkFlows.AutomationexerciseTest" name="loginWithValidCredentials" time="8.804"/>
  <testcase classname="automationWorkFlows.AutomationexerciseTest" name="registerWithExistingEmail" time="7.469"/>
  <testcase classname="automationWorkFlows.AutomationexerciseTest" name="loginWithInValidCredentials" time="5.531"/>
  <testcase classname="automationWorkFlows.AutomationexerciseTest" name="userRegister" time="7.627"/>
  <testcase classname="automationWorkFlows.AutomationexerciseTest" name="logOut" time="8.795"/>
  <testcase classname="automationWorkFlows.AutomationexerciseTest" name="addTwoProduct" time="14.118"/>
</testsuite> <!-- automationWorkFlows.AutomationexerciseTest -->
