<?xml version="1.0" encoding="UTF-8"?>
<!-- Generated by org.testng.reporters.JUnitReportReporter -->
<testsuite hostname="Abdul-Rahaman" failures="0" tests="1" name="automationWorkFlows.UserRegistrationTest$UserRegistrationWithExistingEmailTest" time="12.707" errors="0" timestamp="2026-06-16T18:53:21 IST" skipped="0">
  <testcase classname="automationWorkFlows.UserRegistrationTest$UserRegistrationWithExistingEmailTest" name="userRegistrationForm" time="12.707"/>
</testsuite> <!-- automationWorkFlows.UserRegistrationTest$UserRegistrationWithExistingEmailTest -->
