<?xml version="1.0" encoding="UTF-8"?>
<!-- Generated by org.testng.reporters.JUnitReportReporter -->
<testsuite hostname="Abdul-Rahaman" failures="0" tests="8" name="automationWorkFlows.Automationexercise" time="101.905" errors="0" timestamp="2026-06-14T14:57:51 IST" skipped="0">
  <testcase classname="automationWorkFlows.Automationexercise" name="loginWithInValidCredentials" time="7.337"/>
  <testcase classname="automationWorkFlows.Automationexercise" name="invalidSearch" time="22.251"/>
  <testcase classname="automationWorkFlows.Automationexercise" name="userRegister" time="10.436"/>
  <testcase classname="automationWorkFlows.Automationexercise" name="addTwoProduct" time="10.687"/>
  <testcase classname="automationWorkFlows.Automationexercise" name="loginWithValidCredentials" time="19.262"/>
  <testcase classname="automationWorkFlows.Automationexercise" name="registerWithExistingEmail" time="9.885"/>
  <testcase classname="automationWorkFlows.Automationexercise" name="logOut" time="11.471"/>
  <testcase classname="automationWorkFlows.Automationexercise" name="searchProduct" time="10.576"/>
</testsuite> <!-- automationWorkFlows.Automationexercise -->
